<?xml version="1.0" encoding="UTF-8"?>
<!-- Generated by org.testng.reporters.JUnitReportReporter -->
<testsuite hostname="billals-MBP.home" failures="0" tests="1" name="testCases.TC_AddCustomerTest_003" time="12.199" errors="0" timestamp="16 Jul 2020 22:45:32 GMT" skipped="0">
  <testcase classname="testCases.TC_AddCustomerTest_003" name="AddNewCustomer" time="12.199"/>
</testsuite> <!-- testCases.TC_AddCustomerTest_003 -->
