<?xml version="1.0" encoding="UTF-8"?>
<!-- Generated by org.testng.reporters.JUnitReportReporter -->
<testsuite hostname="billals-MBP.home" failures="0" tests="1" name="testCases.TC_LoiginTest_001" time="1.788" errors="0" timestamp="16 Jul 2020 22:45:32 GMT" skipped="0">
  <testcase classname="testCases.TC_LoiginTest_001" name="loginTest" time="1.788"/>
</testsuite> <!-- testCases.TC_LoiginTest_001 -->
